Created by PLY version 3.11 (http://www.dabeaz.com/ply)

Grammar

Rule 0     S' -> comando
Rule 1     comando -> LISTAR
Rule 2     comando -> MOEDA valores_moeda
Rule 3     comando -> SELECIONAR ID
Rule 4     comando -> SAIR
Rule 5     valores_moeda -> valores_moeda VALOR_MOEDA
Rule 6     valores_moeda -> VALOR_MOEDA

Terminals, with rules where they appear

LISTAR               : 1
MOEDA                : 2
SAIR                 : 4
SELECIONAR           : 3
VALOR_MOEDA          : 5 6
error                : 

Nonterminals, with rules where they appear

ID                   : 3
comando              : 0
valores_moeda        : 2 5

